<?xml version="1.0" encoding="UTF-8"?>
<!-- Generated by org.testng.reporters.JUnitReportReporter -->
<testsuite hostname="DESKTOP-AKFIOHB" failures="0" tests="1" name="FormAutomation.FormAutomation" time="6.646" errors="0" timestamp="2024-05-15T11:12:32 CEST" skipped="0">
  <testcase classname="FormAutomation.FormAutomation" name="Form_Fill" time="6.646"/>
  <system-out/>
</testsuite> <!-- FormAutomation.FormAutomation -->
