<?xml version="1.0" encoding="UTF-8"?>
<!-- Generated by org.testng.reporters.JUnitReportReporter -->
<testsuite hostname="Arsalan-Khalids-MacBook-Pro.local" failures="0" tests="5" name="ApiCalls.ApiCalls" time="4.109" errors="0" timestamp="2023-09-03T01:03:12 PKT" skipped="0">
  <testcase classname="ApiCalls.ApiCalls" name="post_call" time="0.366"/>
  <system-out/>
  <testcase classname="ApiCalls.ApiCalls" name="put_call" time="0.474"/>
  <system-out/>
  <testcase classname="ApiCalls.ApiCalls" name="patch_call" time="0.388"/>
  <system-out/>
  <testcase classname="ApiCalls.ApiCalls" name="get_call" time="0.841"/>
  <system-out/>
  <testcase classname="ApiCalls.ApiCalls" name="delete_call" time="2.040"/>
  <system-out/>
</testsuite> <!-- ApiCalls.ApiCalls -->
