<?xml version="1.0" encoding="UTF-8"?>
<!-- Generated by org.testng.reporters.JUnitReportReporter -->
<testsuite hostname="DESKTOP-AKFIOHB" failures="0" tests="5" name="ApiCalls.ApiCalls" time="4.682" errors="0" timestamp="2024-05-15T11:11:42 CEST" skipped="0">
  <testcase classname="ApiCalls.ApiCalls" name="patch_call" time="0.225"/>
  <system-out/>
  <testcase classname="ApiCalls.ApiCalls" name="delete_call" time="2.881"/>
  <system-out/>
  <testcase classname="ApiCalls.ApiCalls" name="get_call" time="1.125"/>
  <system-out/>
  <testcase classname="ApiCalls.ApiCalls" name="post_call" time="0.236"/>
  <system-out/>
  <testcase classname="ApiCalls.ApiCalls" name="put_call" time="0.215"/>
  <system-out/>
</testsuite> <!-- ApiCalls.ApiCalls -->
